Using pre-set license
Built from '2021.3/release' branch; Version is '2021.3.17f1 (3e8111cac19d) revision 4096273'; Using compiler version '192829333'; Build Type 'Release'
OS: 'Windows 10  (10.0.19045) 64bit Professional' Language: 'en' Physical Memory: 16251 MB
BatchMode: 1, IsHumanControllingUs: 0, StartBugReporterOnCrash: 0, Is64bit: 1, IsPro: 1

COMMAND LINE ARGUMENTS:
C:\Program Files\Unity\Hub\Editor\2021.3.17f1\Editor\Unity.exe
-adb2
-batchMode
-noUpm
-name
AssetImportWorker0
-projectPath
C:/Users/gronkiee/Documents/gametools/year2/GTSpaceGame
-logFile
Logs/AssetImportWorker0.log
-srvPort
51252
Successfully changed project path to: C:/Users/gronkiee/Documents/gametools/year2/GTSpaceGame
C:/Users/gronkiee/Documents/gametools/year2/GTSpaceGame
[UnityMemory] Configuration Parameters - Can be set up in boot.config
    "memorysetup-bucket-allocator-granularity=16"
    "memorysetup-bucket-allocator-bucket-count=8"
    "memorysetup-bucket-allocator-block-size=33554432"
    "memorysetup-bucket-allocator-block-count=8"
    "memorysetup-main-allocator-block-size=16777216"
    "memorysetup-thread-allocator-block-size=16777216"
    "memorysetup-gfx-main-allocator-block-size=16777216"
    "memorysetup-gfx-thread-allocator-block-size=16777216"
    "memorysetup-cache-allocator-block-size=4194304"
    "memorysetup-typetree-allocator-block-size=2097152"
    "memorysetup-profiler-bucket-allocator-granularity=16"
    "memorysetup-profiler-bucket-allocator-bucket-count=8"
    "memorysetup-profiler-bucket-allocator-block-size=33554432"
    "memorysetup-profiler-bucket-allocator-block-count=8"
    "memorysetup-profiler-allocator-block-size=16777216"
    "memorysetup-profiler-editor-allocator-block-size=1048576"
    "memorysetup-temp-allocator-size-main=16777216"
    "memorysetup-job-temp-allocator-block-size=2097152"
    "memorysetup-job-temp-allocator-block-size-background=1048576"
    "memorysetup-job-temp-allocator-reduction-small-platforms=262144"
    "memorysetup-temp-allocator-size-background-worker=32768"
    "memorysetup-temp-allocator-size-job-worker=262144"
    "memorysetup-temp-allocator-size-preload-manager=33554432"
    "memorysetup-temp-allocator-size-nav-mesh-worker=65536"
    "memorysetup-temp-allocator-size-audio-worker=65536"
    "memorysetup-temp-allocator-size-cloud-worker=32768"
    "memorysetup-temp-allocator-size-gi-baking-worker=262144"
    "memorysetup-temp-allocator-size-gfx=262144"
Player connection [18224] Host "[IP] 192.168.1.38 [Port] 0 [Flags] 2 [Guid] 1351716666 [EditorId] 1351716666 [Version] 1048832 [Id] WindowsEditor(7,LAPTOP-97N8EOHQ) [Debug] 1 [PackageName] WindowsEditor [ProjectName] Editor" joined multi-casting on [225.0.0.222:54997]...

Player connection [18224] Host "[IP] 192.168.1.38 [Port] 0 [Flags] 2 [Guid] 1351716666 [EditorId] 1351716666 [Version] 1048832 [Id] WindowsEditor(7,LAPTOP-97N8EOHQ) [Debug] 1 [PackageName] WindowsEditor [ProjectName] Editor" joined alternative multi-casting on [225.0.0.222:34997]...

Refreshing native plugins compatible for Editor in 90.02 ms, found 3 plugins.
Preloading 0 native plugins for Editor in 0.00 ms.
Initialize engine version: 2021.3.17f1 (3e8111cac19d)
[Subsystems] Discovering subsystems at path C:/Program Files/Unity/Hub/Editor/2021.3.17f1/Editor/Data/Resources/UnitySubsystems
[Subsystems] Discovering subsystems at path C:/Users/gronkiee/Documents/gametools/year2/GTSpaceGame/Assets
GfxDevice: creating device client; threaded=0; jobified=0
Direct3D:
    Version:  Direct3D 11.0 [level 11.1]
    Renderer: NVIDIA GeForce GTX 1650 with Max-Q Design (ID=0x1f99)
    Vendor:   NVIDIA
    VRAM:     3962 MB
    Driver:   30.0.15.1233
Initialize mono
Mono path[0] = 'C:/Program Files/Unity/Hub/Editor/2021.3.17f1/Editor/Data/Managed'
Mono path[1] = 'C:/Program Files/Unity/Hub/Editor/2021.3.17f1/Editor/Data/MonoBleedingEdge/lib/mono/unityjit-win32'
Mono config path = 'C:/Program Files/Unity/Hub/Editor/2021.3.17f1/Editor/Data/MonoBleedingEdge/etc'
Using monoOptions --debugger-agent=transport=dt_socket,embedding=1,server=y,suspend=n,address=127.0.0.1:56372
Begin MonoManager ReloadAssembly
Registering precompiled unity dll's ...
Register platform support module: C:/Program Files/Unity/Hub/Editor/2021.3.17f1/Editor/Data/PlaybackEngines/WebGLSupport/UnityEditor.WebGL.Extensions.dll
Register platform support module: C:/Program Files/Unity/Hub/Editor/2021.3.17f1/Editor/Data/PlaybackEngines/WindowsStandaloneSupport/UnityEditor.WindowsStandalone.Extensions.dll
Registered in 0.008826 seconds.
Native extension for WindowsStandalone target not found
Native extension for WebGL target not found
Refreshing native plugins compatible for Editor in 93.16 ms, found 3 plugins.
Preloading 0 native plugins for Editor in 0.00 ms.
Mono: successfully reloaded assembly
- Completed reload, in  0.636 seconds
Domain Reload Profiling:
	ReloadAssembly (636ms)
		BeginReloadAssembly (73ms)
			ExecutionOrderSort (0ms)
			DisableScriptedObjects (0ms)
			BackupInstance (0ms)
			ReleaseScriptingObjects (0ms)
			CreateAndSetChildDomain (1ms)
		EndReloadAssembly (454ms)
			LoadAssemblies (71ms)
			RebuildTransferFunctionScriptingTraits (0ms)
			SetupTypeCache (97ms)
			ReleaseScriptCaches (0ms)
			RebuildScriptCaches (25ms)
			SetupLoadedEditorAssemblies (283ms)
				LogAssemblyErrors (0ms)
				InitializePlatformSupportModulesInManaged (9ms)
				SetLoadedEditorAssemblies (0ms)
				RefreshPlugins (93ms)
				BeforeProcessingInitializeOnLoad (1ms)
				ProcessInitializeOnLoadAttributes (135ms)
				ProcessInitializeOnLoadMethodAttributes (44ms)
				AfterProcessingInitializeOnLoad (0ms)
				EditorAssembliesLoaded (0ms)
			ExecutionOrderSort2 (0ms)
			AwakeInstancesAfterBackupRestoration (0ms)
Platform modules already initialized, skipping
Registering precompiled user dll's ...
Registered in 0.006956 seconds.
Begin MonoManager ReloadAssembly
Symbol file LoadedFromMemory doesn't match image C:\Users\gronkiee\Documents\gametools\year2\GTSpaceGame\Library\PackageCache\com.unity.visualscripting@1.8.0\Editor\VisualScripting.Core\Dependencies\YamlDotNet\Unity.VisualScripting.YamlDotNet.dll
Symbol file LoadedFromMemory doesn't match image C:\Users\gronkiee\Documents\gametools\year2\GTSpaceGame\Library\PackageCache\com.unity.visualscripting@1.8.0\Editor\VisualScripting.Core\Dependencies\DotNetZip\Unity.VisualScripting.IonicZip.dll
Native extension for WindowsStandalone target not found
Native extension for WebGL target not found
Refreshing native plugins compatible for Editor in 0.60 ms, found 3 plugins.
Preloading 0 native plugins for Editor in 0.00 ms.
Mono: successfully reloaded assembly
- Completed reload, in  1.178 seconds
Domain Reload Profiling:
	ReloadAssembly (1179ms)
		BeginReloadAssembly (137ms)
			ExecutionOrderSort (0ms)
			DisableScriptedObjects (5ms)
			BackupInstance (0ms)
			ReleaseScriptingObjects (0ms)
			CreateAndSetChildDomain (24ms)
		EndReloadAssembly (918ms)
			LoadAssemblies (112ms)
			RebuildTransferFunctionScriptingTraits (0ms)
			SetupTypeCache (290ms)
			ReleaseScriptCaches (1ms)
			RebuildScriptCaches (56ms)
			SetupLoadedEditorAssemblies (431ms)
				LogAssemblyErrors (0ms)
				InitializePlatformSupportModulesInManaged (8ms)
				SetLoadedEditorAssemblies (0ms)
				RefreshPlugins (1ms)
				BeforeProcessingInitializeOnLoad (108ms)
				ProcessInitializeOnLoadAttributes (278ms)
				ProcessInitializeOnLoadMethodAttributes (27ms)
				AfterProcessingInitializeOnLoad (9ms)
				EditorAssembliesLoaded (0ms)
			ExecutionOrderSort2 (0ms)
			AwakeInstancesAfterBackupRestoration (7ms)
Platform modules already initialized, skipping
========================================================================
Worker process is ready to serve import requests
Launched and connected shader compiler UnityShaderCompiler.exe after 0.04 seconds
Refreshing native plugins compatible for Editor in 0.59 ms, found 3 plugins.
Preloading 0 native plugins for Editor in 0.00 ms.
Unloading 3778 Unused Serialized files (Serialized files now loaded: 0)
Unloading 29 unused Assets / (180.0 KB). Loaded Objects now: 4237.
Memory consumption went from 136.1 MB to 135.9 MB.
Total: 3.444900 ms (FindLiveObjects: 0.349000 ms CreateObjectMapping: 0.289400 ms MarkObjects: 2.668500 ms  DeleteObjects: 0.136900 ms)

AssetImportParameters requested are different than current active one (requested -> active):
  custom:video-decoder-ogg-theora: a1e56fd34408186e4bbccfd4996cb3dc -> 
  custom:container-muxer-webm: aa71ff27fc2769a1b78a27578f13a17b -> 
  custom:container-demuxer-webm: 4f35f7cbe854078d1ac9338744f61a02 -> 
  custom:video-encoder-webm-vp8: eb34c28f22e8b96e1ab97ce403110664 -> 
  custom:video-codec-MediaFoundation-h265: 746d11721c4dcdbdad8f713fa42b33f4 -> 
  custom:audio-encoder-webm-vorbis: bf7c407c2cedff20999df2af8eb42d56 -> 
  custom:framework-win-MediaFoundation: 216162199b28c13a410421893ffa2e32 -> 
  custom:container-demuxer-ogg: 62fdf1f143b41e24485cea50d1cbac27 -> 
  custom:video-decoder-webm-vp8: 9c59270c3fd7afecdb556c50c9e8de78 -> 
  custom:audio-decoder-ogg-vorbis: bf7c407c2cedff20999df2af8eb42d56 -> 
========================================================================
Received Import Request.
  Time since last request: 7904.767943 seconds.
  path: Assets/Rachel Assets/oxygenRefill.fbx
  artifactKey: Guid(02f8078d491a440a6b4eefb61e1cf36e) Importer(815301076,1909f56bfc062723c751e8b465ee728b)
Start importing Assets/Rachel Assets/oxygenRefill.fbx using Guid(02f8078d491a440a6b4eefb61e1cf36e) Importer(815301076,1909f56bfc062723c751e8b465ee728b)  -> (artifact id: '10d28541bd690693bcf53ca79aba214a') in 0.321996 seconds 
========================================================================
Received Import Request.
  Time since last request: 0.000018 seconds.
  path: Assets/Rachel Assets/startingMoon.fbx
  artifactKey: Guid(75ec3efd3cdb247669b33efcb5b60351) Importer(815301076,1909f56bfc062723c751e8b465ee728b)
Start importing Assets/Rachel Assets/startingMoon.fbx using Guid(75ec3efd3cdb247669b33efcb5b60351) Importer(815301076,1909f56bfc062723c751e8b465ee728b)  -> (artifact id: '610db16975ebf0bc7f9ce37d77b2071c') in 0.084114 seconds 
========================================================================
Received Import Request.
  Time since last request: 0.000023 seconds.
  path: Assets/Rachel Assets/rocket.png
  artifactKey: Guid(a4411016da8234d588eaf417e9e7c135) Importer(815301076,1909f56bfc062723c751e8b465ee728b)
Start importing Assets/Rachel Assets/rocket.png using Guid(a4411016da8234d588eaf417e9e7c135) Importer(815301076,1909f56bfc062723c751e8b465ee728b)  -> (artifact id: 'cbac7fe050bfe334edbd6de5876deb6a') in 0.017818 seconds 
========================================================================
Received Import Request.
  Time since last request: 0.000017 seconds.
  path: Assets/Rachel Assets/saturn.fbx
  artifactKey: Guid(cb42673d22f5340ef80436d07654b608) Importer(815301076,1909f56bfc062723c751e8b465ee728b)
Start importing Assets/Rachel Assets/saturn.fbx using Guid(cb42673d22f5340ef80436d07654b608) Importer(815301076,1909f56bfc062723c751e8b465ee728b)  -> (artifact id: 'c3c781043ddaa101e27cd776708559c2') in 0.056190 seconds 
========================================================================
Received Import Request.
  Time since last request: 0.000015 seconds.
  path: Assets/Rachel Assets/moon.png
  artifactKey: Guid(bf3376198f57a48d28f0bcec200e325e) Importer(815301076,1909f56bfc062723c751e8b465ee728b)
Start importing Assets/Rachel Assets/moon.png using Guid(bf3376198f57a48d28f0bcec200e325e) Importer(815301076,1909f56bfc062723c751e8b465ee728b)  -> (artifact id: '0564e929953807698f4ad12e4f09e30e') in 0.011336 seconds 
========================================================================
Received Import Request.
  Time since last request: 0.000015 seconds.
  path: Assets/Rachel Assets/meteor.png
  artifactKey: Guid(3360e913fff4d4fdc8d0c73f49787fcf) Importer(815301076,1909f56bfc062723c751e8b465ee728b)
Start importing Assets/Rachel Assets/meteor.png using Guid(3360e913fff4d4fdc8d0c73f49787fcf) Importer(815301076,1909f56bfc062723c751e8b465ee728b)  -> (artifact id: '31dc63c3e05853570fc89cca8cfe75e1') in 0.010687 seconds 
========================================================================
Received Import Request.
  Time since last request: 0.000016 seconds.
  path: Assets/Rachel Assets/chip.fbx
  artifactKey: Guid(c65365bc4ab014cc3997247ece564382) Importer(815301076,1909f56bfc062723c751e8b465ee728b)
Start importing Assets/Rachel Assets/chip.fbx using Guid(c65365bc4ab014cc3997247ece564382) Importer(815301076,1909f56bfc062723c751e8b465ee728b)  -> (artifact id: '2d0db1648ebfad6706f56d0fc1be0afd') in 0.090310 seconds 
========================================================================
Received Import Request.
  Time since last request: 0.000016 seconds.
  path: Assets/Rachel Assets/rocket.fbx
  artifactKey: Guid(410bae9d8dd154e3ebff11f6e5dc1058) Importer(815301076,1909f56bfc062723c751e8b465ee728b)
Start importing Assets/Rachel Assets/rocket.fbx using Guid(410bae9d8dd154e3ebff11f6e5dc1058) Importer(815301076,1909f56bfc062723c751e8b465ee728b)  -> (artifact id: 'b81cddff94d328133d70e0f956a589e6') in 0.074119 seconds 
========================================================================
Received Import Request.
  Time since last request: 0.000016 seconds.
  path: Assets/Rachel Assets/bomb.fbx
  artifactKey: Guid(ac0aed541ef7a4999ab2149910430c08) Importer(815301076,1909f56bfc062723c751e8b465ee728b)
Start importing Assets/Rachel Assets/bomb.fbx using Guid(ac0aed541ef7a4999ab2149910430c08) Importer(815301076,1909f56bfc062723c751e8b465ee728b)  -> (artifact id: '533ac4b4373f7e9a2969e72b8ce172a7') in 0.443759 seconds 
========================================================================
Received Import Request.
  Time since last request: 0.000023 seconds.
  path: Assets/Rachel Assets/saturn.png
  artifactKey: Guid(705bed2cdaa2d43a486f4e9f0f6c6baf) Importer(815301076,1909f56bfc062723c751e8b465ee728b)
Start importing Assets/Rachel Assets/saturn.png using Guid(705bed2cdaa2d43a486f4e9f0f6c6baf) Importer(815301076,1909f56bfc062723c751e8b465ee728b)  -> (artifact id: 'c1a74fb54690b43e6ec6e85378c4e75d') in 0.022241 seconds 
========================================================================
Received Import Request.
  Time since last request: 0.000013 seconds.
  path: Assets/Rachel Assets
  artifactKey: Guid(717519b77c96544e988cb0f3b6ef9e24) Importer(815301076,1909f56bfc062723c751e8b465ee728b)
Start importing Assets/Rachel Assets using Guid(717519b77c96544e988cb0f3b6ef9e24) Importer(815301076,1909f56bfc062723c751e8b465ee728b)  -> (artifact id: '839a3c0b147d1845a01fbf55049c852b') in 0.005980 seconds 
========================================================================
Received Import Request.
  Time since last request: 0.000046 seconds.
  path: Assets/Rachel Assets/SaturnMain.png
  artifactKey: Guid(91be06871be6f405b812bd00edb0aff7) Importer(815301076,1909f56bfc062723c751e8b465ee728b)
Start importing Assets/Rachel Assets/SaturnMain.png using Guid(91be06871be6f405b812bd00edb0aff7) Importer(815301076,1909f56bfc062723c751e8b465ee728b)  -> (artifact id: '88b841643156ddc49fc4c33c2d3e8ac5') in 0.011673 seconds 
========================================================================
Received Import Request.
  Time since last request: 0.000019 seconds.
  path: Assets/Rachel Assets/meteor.fbx
  artifactKey: Guid(b286a4f70b4c34a29a14d34ff0160235) Importer(815301076,1909f56bfc062723c751e8b465ee728b)
Start importing Assets/Rachel Assets/meteor.fbx using Guid(b286a4f70b4c34a29a14d34ff0160235) Importer(815301076,1909f56bfc062723c751e8b465ee728b)  -> (artifact id: '1822cb01cf186a5ef93b7d18c84937d3') in 0.063577 seconds 
========================================================================
Received Import Request.
  Time since last request: 6.692704 seconds.
  path: Assets/Rachel Assets/meteor2.fbx
  artifactKey: Guid(b815f621afdad7344a920a382774bb34) Importer(815301076,1909f56bfc062723c751e8b465ee728b)
Start importing Assets/Rachel Assets/meteor2.fbx using Guid(b815f621afdad7344a920a382774bb34) Importer(815301076,1909f56bfc062723c751e8b465ee728b)  -> (artifact id: '51ac719e632ba31142a2907a99150c02') in 0.063982 seconds 
========================================================================
Received Import Request.
  Time since last request: 0.000020 seconds.
  path: Assets/Rachel Assets/meteor2.png
  artifactKey: Guid(d42bb28ad3abd694e96288b7053b8f5b) Importer(815301076,1909f56bfc062723c751e8b465ee728b)
Start importing Assets/Rachel Assets/meteor2.png using Guid(d42bb28ad3abd694e96288b7053b8f5b) Importer(815301076,1909f56bfc062723c751e8b465ee728b)  -> (artifact id: '42ae35a45ef49199b0d14d7f59509b97') in 0.013217 seconds 
========================================================================
Received Import Request.
  Time since last request: 0.000018 seconds.
  path: Assets/Rachel Assets/meteor3.fbx
  artifactKey: Guid(0d701b49b599109479b4b02a0ed43e6b) Importer(815301076,1909f56bfc062723c751e8b465ee728b)
Start importing Assets/Rachel Assets/meteor3.fbx using Guid(0d701b49b599109479b4b02a0ed43e6b) Importer(815301076,1909f56bfc062723c751e8b465ee728b)  -> (artifact id: 'aa8492bba93f44a1e39a07b38da2e171') in 0.051130 seconds 
========================================================================
Received Import Request.
  Time since last request: 0.000017 seconds.
  path: Assets/Rachel Assets/meteor3.png
  artifactKey: Guid(56efcfd770741fa4692a4cb250e12e8c) Importer(815301076,1909f56bfc062723c751e8b465ee728b)
Start importing Assets/Rachel Assets/meteor3.png using Guid(56efcfd770741fa4692a4cb250e12e8c) Importer(815301076,1909f56bfc062723c751e8b465ee728b)  -> (artifact id: '10c4d7eae21b5bcd24c06dc5165fc2f5') in 0.009924 seconds 
========================================================================
Received Import Request.
  Time since last request: 17.735927 seconds.
  path: Assets/Rachel Assets/meteor2.fbx
  artifactKey: Guid(b815f621afdad7344a920a382774bb34) Importer(815301076,1909f56bfc062723c751e8b465ee728b)
Start importing Assets/Rachel Assets/meteor2.fbx using Guid(b815f621afdad7344a920a382774bb34) Importer(815301076,1909f56bfc062723c751e8b465ee728b)  -> (artifact id: 'f5fe6425f5da1f96983cac11b6af64e9') in 0.071474 seconds 
========================================================================
Received Import Request.
  Time since last request: 0.000013 seconds.
  path: Assets/Rachel Assets/meteor2.png
  artifactKey: Guid(d42bb28ad3abd694e96288b7053b8f5b) Importer(815301076,1909f56bfc062723c751e8b465ee728b)
Start importing Assets/Rachel Assets/meteor2.png using Guid(d42bb28ad3abd694e96288b7053b8f5b) Importer(815301076,1909f56bfc062723c751e8b465ee728b)  -> (artifact id: 'fb8e7fe305263134cfb0d20c841e1fe9') in 0.020705 seconds 
========================================================================
Received Import Request.
  Time since last request: 5.041012 seconds.
  path: Assets/Rachel Assets/meteor2.png
  artifactKey: Guid(d42bb28ad3abd694e96288b7053b8f5b) Importer(815301076,1909f56bfc062723c751e8b465ee728b)
Start importing Assets/Rachel Assets/meteor2.png using Guid(d42bb28ad3abd694e96288b7053b8f5b) Importer(815301076,1909f56bfc062723c751e8b465ee728b)  -> (artifact id: 'a2303f1432124e83b86d1cc1a03b6f51') in 0.008493 seconds 
========================================================================
Received Import Request.
  Time since last request: 0.014578 seconds.
  path: Assets/Rachel Assets/meteor2.fbx
  artifactKey: Guid(b815f621afdad7344a920a382774bb34) Importer(815301076,1909f56bfc062723c751e8b465ee728b)
Start importing Assets/Rachel Assets/meteor2.fbx using Guid(b815f621afdad7344a920a382774bb34) Importer(815301076,1909f56bfc062723c751e8b465ee728b)  -> (artifact id: '6a6d87f4d14a4d9f672a28b4c0f0b557') in 0.084779 seconds 
========================================================================
Received Import Request.
  Time since last request: 7.623439 seconds.
  path: Assets/Rachel Assets/meteor.fbx
  artifactKey: Guid(b286a4f70b4c34a29a14d34ff0160235) Importer(815301076,1909f56bfc062723c751e8b465ee728b)
Start importing Assets/Rachel Assets/meteor.fbx using Guid(b286a4f70b4c34a29a14d34ff0160235) Importer(815301076,1909f56bfc062723c751e8b465ee728b)  -> (artifact id: '7b9ee227df321c16a23ed7af3fd42dd5') in 0.063530 seconds 
========================================================================
Received Import Request.
  Time since last request: 0.000015 seconds.
  path: Assets/Rachel Assets/meteor.png
  artifactKey: Guid(3360e913fff4d4fdc8d0c73f49787fcf) Importer(815301076,1909f56bfc062723c751e8b465ee728b)
Start importing Assets/Rachel Assets/meteor.png using Guid(3360e913fff4d4fdc8d0c73f49787fcf) Importer(815301076,1909f56bfc062723c751e8b465ee728b)  -> (artifact id: '552fce470547acfd3002ceea107f9b7a') in 0.005627 seconds 
========================================================================
Received Import Request.
  Time since last request: 4.875020 seconds.
  path: Assets/Rachel Assets/rocket.fbx
  artifactKey: Guid(410bae9d8dd154e3ebff11f6e5dc1058) Importer(815301076,1909f56bfc062723c751e8b465ee728b)
Start importing Assets/Rachel Assets/rocket.fbx using Guid(410bae9d8dd154e3ebff11f6e5dc1058) Importer(815301076,1909f56bfc062723c751e8b465ee728b)  -> (artifact id: '9afaa57a25e0b7c9aad235f941b48f95') in 0.089920 seconds 
========================================================================
Received Import Request.
  Time since last request: 0.000016 seconds.
  path: Assets/Rachel Assets/rocket.png
  artifactKey: Guid(a4411016da8234d588eaf417e9e7c135) Importer(815301076,1909f56bfc062723c751e8b465ee728b)
Start importing Assets/Rachel Assets/rocket.png using Guid(a4411016da8234d588eaf417e9e7c135) Importer(815301076,1909f56bfc062723c751e8b465ee728b)  -> (artifact id: '57731af8fdbd0147e007da62b0a1e7d1') in 0.006369 seconds 
========================================================================
Received Import Request.
  Time since last request: 4.769933 seconds.
  path: Assets/Rachel Assets/meteor3.fbx
  artifactKey: Guid(0d701b49b599109479b4b02a0ed43e6b) Importer(815301076,1909f56bfc062723c751e8b465ee728b)
Start importing Assets/Rachel Assets/meteor3.fbx using Guid(0d701b49b599109479b4b02a0ed43e6b) Importer(815301076,1909f56bfc062723c751e8b465ee728b)  -> (artifact id: '8f62b0a32f5fc912351f7825dbf48074') in 0.060466 seconds 
========================================================================
Received Import Request.
  Time since last request: 0.000017 seconds.
  path: Assets/Rachel Assets/meteor3.png
  artifactKey: Guid(56efcfd770741fa4692a4cb250e12e8c) Importer(815301076,1909f56bfc062723c751e8b465ee728b)
Start importing Assets/Rachel Assets/meteor3.png using Guid(56efcfd770741fa4692a4cb250e12e8c) Importer(815301076,1909f56bfc062723c751e8b465ee728b)  -> (artifact id: '3a7eb2296b9b095298eed2badefa4be4') in 0.006184 seconds 
